<?xml version="1.0" encoding="UTF-8"?>
<!-- Generated by org.testng.reporters.JUnitXMLReporter -->
<testsuite ignored="0" hostname="DESKTOP-KD8HJQ6" failures="0" tests="4" name="Default test" time="11.084" errors="0" timestamp="2022-01-01T23:01:42 IST">
  <testcase classname="com.testngdemos.Testngdem" name="MybeforeMethod" time="2.398"/>
  <testcase classname="com.testngdemos.Testngdem" name="Testngdemoex" time="5.201"/>
  <testcase classname="com.testngdemos.Testngdem" name="Testngdemoex2" time="0.227"/>
  <testcase classname="com.testngdemos.Testngdem" name="Testngdemoex3" time="3.173"/>
</testsuite> <!-- Default test -->
